28 Jun 2025 09:51:48,044 INFO  org.hibernate.validator.internal.util.Version 21 <clinit> - HV000001: Hibernate Validator 8.0.1.Final
28 Jun 2025 09:51:48,130 INFO  org.springframework.boot.StartupInfoLogger 50 logStarting - Starting Application using Java 21.0.7 with PID 8440 (C:\Users\LENOVO\Desktop\ExamenMppDumDanuta\Rest\build\classes\java\main started by LENOVO in C:\Users\LENOVO\Desktop\ExamenMppDumDanuta)
28 Jun 2025 09:51:48,138 INFO  org.springframework.boot.SpringApplication 654 logStartupProfileInfo - No active profile set, falling back to 1 default profile: "default"
28 Jun 2025 09:51:49,768 INFO  org.springframework.data.repository.config.RepositoryConfigurationDelegate 143 registerRepositoriesIn - Bootstrapping Spring Data JPA repositories in DEFAULT mode.
28 Jun 2025 09:51:49,812 INFO  org.springframework.data.repository.config.RepositoryConfigurationDelegate 211 registerRepositoriesIn - Finished Spring Data repository scanning in 27 ms. Found 0 JPA repository interfaces.
28 Jun 2025 09:51:50,822 INFO  org.springframework.boot.web.embedded.tomcat.TomcatWebServer 111 initialize - Tomcat initialized with port 1234 (http)
28 Jun 2025 09:51:50,859 INFO  org.apache.juli.logging.DirectJDKLog 173 log - Initializing ProtocolHandler ["http-nio-1234"]
28 Jun 2025 09:51:50,866 INFO  org.apache.juli.logging.DirectJDKLog 173 log - Starting service [Tomcat]
28 Jun 2025 09:51:50,866 INFO  org.apache.juli.logging.DirectJDKLog 173 log - Starting Servlet engine: [Apache Tomcat/10.1.30]
28 Jun 2025 09:51:50,968 INFO  org.apache.juli.logging.DirectJDKLog 173 log - Initializing Spring embedded WebApplicationContext
28 Jun 2025 09:51:50,970 INFO  org.springframework.boot.web.servlet.context.ServletWebServerApplicationContext 296 prepareWebApplicationContext - Root WebApplicationContext: initialization completed in 2650 ms
28 Jun 2025 09:51:51,289 INFO  org.hibernate.jpa.internal.util.LogHelper 31 logPersistenceUnitInformation - HHH000204: Processing PersistenceUnitInfo [name: default]
28 Jun 2025 09:51:51,446 INFO  org.hibernate.Version 44 logVersion - HHH000412: Hibernate ORM core version 6.5.2.Final
28 Jun 2025 09:51:51,511 INFO  org.hibernate.cache.internal.RegionFactoryInitiator 50 initiateService - HHH000026: Second-level cache disabled
28 Jun 2025 09:51:52,171 INFO  org.springframework.orm.jpa.persistenceunit.SpringPersistenceUnitInfo 87 addTransformer - No LoadTimeWeaver setup: ignoring JPA class transformer
28 Jun 2025 09:51:52,254 INFO  com.zaxxer.hikari.HikariDataSource 109 getConnection - HikariPool-1 - Starting...
28 Jun 2025 09:51:53,109 INFO  com.zaxxer.hikari.pool.HikariPool 554 checkFailFast - HikariPool-1 - Added connection org.sqlite.jdbc4.JDBC4Connection@36b53f08
28 Jun 2025 09:51:53,113 INFO  com.zaxxer.hikari.HikariDataSource 122 getConnection - HikariPool-1 - Start completed.
28 Jun 2025 09:51:54,905 INFO  org.hibernate.engine.transaction.jta.platform.internal.JtaPlatformInitiator 59 initiateService - HHH000489: No JTA platform available (set 'hibernate.transaction.jta.platform' to enable JTA platform integration)
28 Jun 2025 09:51:54,910 INFO  org.springframework.orm.jpa.AbstractEntityManagerFactoryBean 437 buildNativeEntityManagerFactory - Initialized JPA EntityManagerFactory for persistence unit 'default'
28 Jun 2025 09:51:55,090 WARN  org.springframework.boot.autoconfigure.orm.jpa.JpaBaseConfiguration$JpaWebConfiguration 236 openEntityManagerInViewInterceptor - spring.jpa.open-in-view is enabled by default. Therefore, database queries may be performed during view rendering. Explicitly configure spring.jpa.open-in-view to disable this warning
28 Jun 2025 09:51:55,950 INFO  org.apache.juli.logging.DirectJDKLog 173 log - Starting ProtocolHandler ["http-nio-1234"]
28 Jun 2025 09:51:55,983 INFO  org.springframework.boot.web.embedded.tomcat.TomcatWebServer 243 start - Tomcat started on port 1234 (http) with context path '/'
28 Jun 2025 09:51:56,002 INFO  org.springframework.boot.StartupInfoLogger 56 logStarted - Started Application in 8.726 seconds (process running for 10.832)
28 Jun 2025 09:51:56,011 INFO  Exam.Application 13 main - Test log message
28 Jun 2025 09:52:15,355 INFO  org.apache.juli.logging.DirectJDKLog 173 log - Initializing Spring DispatcherServlet 'dispatcherServlet'
28 Jun 2025 09:52:15,356 INFO  org.springframework.web.servlet.FrameworkServlet 532 initServletBean - Initializing Servlet 'dispatcherServlet'
28 Jun 2025 09:52:15,359 INFO  org.springframework.web.servlet.FrameworkServlet 554 initServletBean - Completed initialization in 1 ms
28 Jun 2025 09:52:15,545 WARN  org.hibernate.boot.jaxb.internal.stax.LocalXmlResourceResolver 110 resolveEntity - HHH90000012: Recognized obsolete hibernate namespace http://hibernate.sourceforge.net/hibernate-configuration. Use namespace http://www.hibernate.org/dtd/hibernate-configuration instead.  Support for obsolete DTD/XSD namespaces may be removed at any time.
28 Jun 2025 09:52:16,016 INFO  org.hibernate.cache.internal.RegionFactoryInitiator 50 initiateService - HHH000026: Second-level cache disabled
28 Jun 2025 09:52:16,028 WARN  org.hibernate.engine.jdbc.connections.internal.DriverManagerConnectionProviderImpl 81 configure - HHH10001002: Using built-in connection pool (not intended for production use)
28 Jun 2025 09:52:16,029 INFO  org.hibernate.engine.jdbc.connections.internal.DriverManagerConnectionProviderImpl 136 buildCreator - HHH10001005: Loaded JDBC driver class: org.sqlite.JDBC
28 Jun 2025 09:52:16,030 INFO  org.hibernate.engine.jdbc.connections.internal.DriverManagerConnectionProviderImpl 158 buildCreator - HHH10001012: Connecting with JDBC URL [jdbc:sqlite:JocTriviaMPP.db]
28 Jun 2025 09:52:16,030 INFO  org.hibernate.engine.jdbc.connections.internal.DriverManagerConnectionProviderImpl 167 buildCreator - HHH10001001: Connection properties: {}
28 Jun 2025 09:52:16,030 INFO  org.hibernate.engine.jdbc.connections.internal.DriverManagerConnectionProviderImpl 171 buildCreator - HHH10001003: Autocommit mode: false
28 Jun 2025 09:52:16,034 INFO  org.hibernate.engine.jdbc.connections.internal.DriverManagerConnectionProviderImpl$PooledConnections 372 <init> - HHH10001115: Connection pool size: 20 (min=1)
28 Jun 2025 09:52:16,329 INFO  org.hibernate.resource.transaction.backend.jdbc.internal.DdlTransactionIsolatorNonJtaImpl 52 getIsolatedConnection - HHH10001501: Connection obtained from JdbcConnectionAccess [org.hibernate.engine.jdbc.env.internal.JdbcEnvironmentInitiator$ConnectionProviderJdbcConnectionAccess@710e713a] for (non-JTA) DDL execution was not in auto-commit mode; the Connection 'local transaction' will be committed and the Connection will be set into auto-commit mode.
28 Jun 2025 09:52:16,350 INFO  Exam.Persistence.Utils.HibernateUtils 23 getSessionFactory - SessionFactory created successfully
28 Jun 2025 09:52:18,342 TRACE org.hibernate.type.descriptor.JdbcBindingLogging 24 logBinding - binding parameter (1:INTEGER) <- [1]
28 Jun 2025 09:52:18,372 TRACE org.hibernate.type.descriptor.JdbcBindingLogging 24 logBinding - binding parameter (1:INTEGER) <- [1]
28 Jun 2025 09:52:18,398 TRACE org.hibernate.type.descriptor.JdbcBindingLogging 24 logBinding - binding parameter (1:INTEGER) <- [1]
28 Jun 2025 09:52:18,402 TRACE org.hibernate.type.descriptor.JdbcBindingLogging 24 logBinding - binding parameter (1:INTEGER) <- [2]
28 Jun 2025 09:52:18,404 TRACE org.hibernate.type.descriptor.JdbcBindingLogging 24 logBinding - binding parameter (1:INTEGER) <- [5]
28 Jun 2025 09:52:18,405 TRACE org.hibernate.type.descriptor.JdbcBindingLogging 24 logBinding - binding parameter (1:INTEGER) <- [6]
28 Jun 2025 09:52:18,411 TRACE org.hibernate.type.descriptor.JdbcBindingLogging 24 logBinding - binding parameter (1:INTEGER) <- [9]
28 Jun 2025 09:52:18,413 TRACE org.hibernate.type.descriptor.JdbcBindingLogging 24 logBinding - binding parameter (1:INTEGER) <- [10]
28 Jun 2025 09:52:18,419 TRACE org.hibernate.type.descriptor.JdbcBindingLogging 24 logBinding - binding parameter (1:INTEGER) <- [1]
28 Jun 2025 09:52:18,421 TRACE org.hibernate.type.descriptor.JdbcBindingLogging 24 logBinding - binding parameter (1:INTEGER) <- [2]
28 Jun 2025 09:52:18,433 TRACE org.hibernate.type.descriptor.JdbcBindingLogging 24 logBinding - binding parameter (1:INTEGER) <- [5]
28 Jun 2025 09:52:18,435 TRACE org.hibernate.type.descriptor.JdbcBindingLogging 24 logBinding - binding parameter (1:INTEGER) <- [6]
28 Jun 2025 09:52:18,437 TRACE org.hibernate.type.descriptor.JdbcBindingLogging 24 logBinding - binding parameter (1:INTEGER) <- [9]
28 Jun 2025 09:52:18,443 TRACE org.hibernate.type.descriptor.JdbcBindingLogging 24 logBinding - binding parameter (1:INTEGER) <- [10]
28 Jun 2025 09:53:28,216 TRACE org.hibernate.type.descriptor.JdbcBindingLogging 24 logBinding - binding parameter (1:INTEGER) <- [1]
28 Jun 2025 09:53:28,217 TRACE org.hibernate.type.descriptor.JdbcBindingLogging 24 logBinding - binding parameter (1:INTEGER) <- [1]
28 Jun 2025 09:53:28,218 TRACE org.hibernate.type.descriptor.JdbcBindingLogging 24 logBinding - binding parameter (1:INTEGER) <- [1]
28 Jun 2025 09:53:28,219 TRACE org.hibernate.type.descriptor.JdbcBindingLogging 24 logBinding - binding parameter (1:INTEGER) <- [2]
28 Jun 2025 09:53:28,220 TRACE org.hibernate.type.descriptor.JdbcBindingLogging 24 logBinding - binding parameter (1:INTEGER) <- [5]
28 Jun 2025 09:53:28,221 TRACE org.hibernate.type.descriptor.JdbcBindingLogging 24 logBinding - binding parameter (1:INTEGER) <- [6]
28 Jun 2025 09:53:28,222 TRACE org.hibernate.type.descriptor.JdbcBindingLogging 24 logBinding - binding parameter (1:INTEGER) <- [9]
28 Jun 2025 09:53:28,223 TRACE org.hibernate.type.descriptor.JdbcBindingLogging 24 logBinding - binding parameter (1:INTEGER) <- [10]
28 Jun 2025 09:53:28,224 TRACE org.hibernate.type.descriptor.JdbcBindingLogging 24 logBinding - binding parameter (1:INTEGER) <- [1]
28 Jun 2025 09:53:28,227 TRACE org.hibernate.type.descriptor.JdbcBindingLogging 24 logBinding - binding parameter (1:INTEGER) <- [2]
28 Jun 2025 09:53:28,229 TRACE org.hibernate.type.descriptor.JdbcBindingLogging 24 logBinding - binding parameter (1:INTEGER) <- [5]
28 Jun 2025 09:53:28,231 TRACE org.hibernate.type.descriptor.JdbcBindingLogging 24 logBinding - binding parameter (1:INTEGER) <- [6]
28 Jun 2025 09:53:28,234 TRACE org.hibernate.type.descriptor.JdbcBindingLogging 24 logBinding - binding parameter (1:INTEGER) <- [9]
28 Jun 2025 09:53:28,236 TRACE org.hibernate.type.descriptor.JdbcBindingLogging 24 logBinding - binding parameter (1:INTEGER) <- [10]
28 Jun 2025 09:53:33,565 TRACE org.hibernate.type.descriptor.JdbcBindingLogging 24 logBinding - binding parameter (1:INTEGER) <- [1]
28 Jun 2025 09:53:33,574 TRACE org.hibernate.type.descriptor.JdbcBindingLogging 24 logBinding - binding parameter (1:INTEGER) <- [1]
28 Jun 2025 09:53:33,618 TRACE org.hibernate.type.descriptor.JdbcBindingLogging 24 logBinding - binding parameter (1:VARCHAR) <- [779]
28 Jun 2025 09:53:33,618 TRACE org.hibernate.type.descriptor.JdbcBindingLogging 24 logBinding - binding parameter (2:INTEGER) <- [1]
28 Jun 2025 09:53:33,619 TRACE org.hibernate.type.descriptor.JdbcBindingLogging 24 logBinding - binding parameter (3:VARCHAR) <- [Cat e 2+777?]
28 Jun 2025 09:53:33,619 TRACE org.hibernate.type.descriptor.JdbcBindingLogging 24 logBinding - binding parameter (4:INTEGER) <- [1]
28 Jun 2025 09:55:24,723 INFO  org.springframework.orm.jpa.AbstractEntityManagerFactoryBean 650 destroy - Closing JPA EntityManagerFactory for persistence unit 'default'
28 Jun 2025 09:55:24,726 INFO  com.zaxxer.hikari.HikariDataSource 349 close - HikariPool-1 - Shutdown initiated...
28 Jun 2025 09:55:24,729 INFO  com.zaxxer.hikari.HikariDataSource 351 close - HikariPool-1 - Shutdown completed.
28 Jun 2025 10:02:12,424 INFO  org.hibernate.validator.internal.util.Version 21 <clinit> - HV000001: Hibernate Validator 8.0.1.Final
28 Jun 2025 10:02:12,512 INFO  org.springframework.boot.StartupInfoLogger 50 logStarting - Starting Application using Java 21.0.7 with PID 10176 (C:\Users\LENOVO\Desktop\ExamenMppDumDanuta\Rest\build\classes\java\main started by LENOVO in C:\Users\LENOVO\Desktop\ExamenMppDumDanuta)
28 Jun 2025 10:02:12,521 INFO  org.springframework.boot.SpringApplication 654 logStartupProfileInfo - No active profile set, falling back to 1 default profile: "default"
28 Jun 2025 10:02:14,612 INFO  org.springframework.data.repository.config.RepositoryConfigurationDelegate 143 registerRepositoriesIn - Bootstrapping Spring Data JPA repositories in DEFAULT mode.
28 Jun 2025 10:02:14,648 INFO  org.springframework.data.repository.config.RepositoryConfigurationDelegate 211 registerRepositoriesIn - Finished Spring Data repository scanning in 22 ms. Found 0 JPA repository interfaces.
28 Jun 2025 10:02:15,588 INFO  org.springframework.boot.web.embedded.tomcat.TomcatWebServer 111 initialize - Tomcat initialized with port 1234 (http)
28 Jun 2025 10:02:15,608 INFO  org.apache.juli.logging.DirectJDKLog 173 log - Initializing ProtocolHandler ["http-nio-1234"]
28 Jun 2025 10:02:15,617 INFO  org.apache.juli.logging.DirectJDKLog 173 log - Starting service [Tomcat]
28 Jun 2025 10:02:15,618 INFO  org.apache.juli.logging.DirectJDKLog 173 log - Starting Servlet engine: [Apache Tomcat/10.1.30]
28 Jun 2025 10:02:15,705 INFO  org.apache.juli.logging.DirectJDKLog 173 log - Initializing Spring embedded WebApplicationContext
28 Jun 2025 10:02:15,705 INFO  org.springframework.boot.web.servlet.context.ServletWebServerApplicationContext 296 prepareWebApplicationContext - Root WebApplicationContext: initialization completed in 2840 ms
28 Jun 2025 10:02:16,080 INFO  org.hibernate.jpa.internal.util.LogHelper 31 logPersistenceUnitInformation - HHH000204: Processing PersistenceUnitInfo [name: default]
28 Jun 2025 10:02:16,197 INFO  org.hibernate.Version 44 logVersion - HHH000412: Hibernate ORM core version 6.5.2.Final
28 Jun 2025 10:02:16,276 INFO  org.hibernate.cache.internal.RegionFactoryInitiator 50 initiateService - HHH000026: Second-level cache disabled
28 Jun 2025 10:02:16,775 INFO  org.springframework.orm.jpa.persistenceunit.SpringPersistenceUnitInfo 87 addTransformer - No LoadTimeWeaver setup: ignoring JPA class transformer
28 Jun 2025 10:02:16,823 INFO  com.zaxxer.hikari.HikariDataSource 109 getConnection - HikariPool-1 - Starting...
28 Jun 2025 10:02:17,208 INFO  com.zaxxer.hikari.pool.HikariPool 554 checkFailFast - HikariPool-1 - Added connection org.sqlite.jdbc4.JDBC4Connection@13234ac9
28 Jun 2025 10:02:17,213 INFO  com.zaxxer.hikari.HikariDataSource 122 getConnection - HikariPool-1 - Start completed.
28 Jun 2025 10:02:18,842 INFO  org.hibernate.engine.transaction.jta.platform.internal.JtaPlatformInitiator 59 initiateService - HHH000489: No JTA platform available (set 'hibernate.transaction.jta.platform' to enable JTA platform integration)
28 Jun 2025 10:02:18,849 INFO  org.springframework.orm.jpa.AbstractEntityManagerFactoryBean 437 buildNativeEntityManagerFactory - Initialized JPA EntityManagerFactory for persistence unit 'default'
28 Jun 2025 10:02:18,998 WARN  org.springframework.boot.autoconfigure.orm.jpa.JpaBaseConfiguration$JpaWebConfiguration 236 openEntityManagerInViewInterceptor - spring.jpa.open-in-view is enabled by default. Therefore, database queries may be performed during view rendering. Explicitly configure spring.jpa.open-in-view to disable this warning
28 Jun 2025 10:02:19,608 INFO  org.apache.juli.logging.DirectJDKLog 173 log - Starting ProtocolHandler ["http-nio-1234"]
28 Jun 2025 10:02:19,635 INFO  org.springframework.boot.web.embedded.tomcat.TomcatWebServer 243 start - Tomcat started on port 1234 (http) with context path '/'
28 Jun 2025 10:02:19,646 INFO  org.springframework.boot.StartupInfoLogger 56 logStarted - Started Application in 7.947 seconds (process running for 12.191)
28 Jun 2025 10:02:19,650 INFO  Exam.Application 13 main - Test log message
28 Jun 2025 10:02:57,345 INFO  org.apache.juli.logging.DirectJDKLog 173 log - Initializing Spring DispatcherServlet 'dispatcherServlet'
28 Jun 2025 10:02:57,345 INFO  org.springframework.web.servlet.FrameworkServlet 532 initServletBean - Initializing Servlet 'dispatcherServlet'
28 Jun 2025 10:02:57,346 INFO  org.springframework.web.servlet.FrameworkServlet 554 initServletBean - Completed initialization in 1 ms
28 Jun 2025 10:02:57,497 WARN  org.hibernate.boot.jaxb.internal.stax.LocalXmlResourceResolver 110 resolveEntity - HHH90000012: Recognized obsolete hibernate namespace http://hibernate.sourceforge.net/hibernate-configuration. Use namespace http://www.hibernate.org/dtd/hibernate-configuration instead.  Support for obsolete DTD/XSD namespaces may be removed at any time.
28 Jun 2025 10:02:57,882 INFO  org.hibernate.cache.internal.RegionFactoryInitiator 50 initiateService - HHH000026: Second-level cache disabled
28 Jun 2025 10:02:57,893 WARN  org.hibernate.engine.jdbc.connections.internal.DriverManagerConnectionProviderImpl 81 configure - HHH10001002: Using built-in connection pool (not intended for production use)
28 Jun 2025 10:02:57,894 INFO  org.hibernate.engine.jdbc.connections.internal.DriverManagerConnectionProviderImpl 136 buildCreator - HHH10001005: Loaded JDBC driver class: org.sqlite.JDBC
28 Jun 2025 10:02:57,894 INFO  org.hibernate.engine.jdbc.connections.internal.DriverManagerConnectionProviderImpl 158 buildCreator - HHH10001012: Connecting with JDBC URL [jdbc:sqlite:JocTriviaMPP.db]
28 Jun 2025 10:02:57,894 INFO  org.hibernate.engine.jdbc.connections.internal.DriverManagerConnectionProviderImpl 167 buildCreator - HHH10001001: Connection properties: {}
28 Jun 2025 10:02:57,894 INFO  org.hibernate.engine.jdbc.connections.internal.DriverManagerConnectionProviderImpl 171 buildCreator - HHH10001003: Autocommit mode: false
28 Jun 2025 10:02:57,897 INFO  org.hibernate.engine.jdbc.connections.internal.DriverManagerConnectionProviderImpl$PooledConnections 372 <init> - HHH10001115: Connection pool size: 20 (min=1)
28 Jun 2025 10:02:58,078 INFO  org.hibernate.resource.transaction.backend.jdbc.internal.DdlTransactionIsolatorNonJtaImpl 52 getIsolatedConnection - HHH10001501: Connection obtained from JdbcConnectionAccess [org.hibernate.engine.jdbc.env.internal.JdbcEnvironmentInitiator$ConnectionProviderJdbcConnectionAccess@6dda2cc0] for (non-JTA) DDL execution was not in auto-commit mode; the Connection 'local transaction' will be committed and the Connection will be set into auto-commit mode.
28 Jun 2025 10:02:58,110 INFO  Exam.Persistence.Utils.HibernateUtils 23 getSessionFactory - SessionFactory created successfully
28 Jun 2025 10:02:58,805 TRACE org.hibernate.type.descriptor.JdbcBindingLogging 24 logBinding - binding parameter (1:INTEGER) <- [1]
28 Jun 2025 10:02:58,826 TRACE org.hibernate.type.descriptor.JdbcBindingLogging 24 logBinding - binding parameter (1:INTEGER) <- [1]
28 Jun 2025 10:02:58,852 TRACE org.hibernate.type.descriptor.JdbcBindingLogging 24 logBinding - binding parameter (1:INTEGER) <- [1]
28 Jun 2025 10:02:58,857 TRACE org.hibernate.type.descriptor.JdbcBindingLogging 24 logBinding - binding parameter (1:INTEGER) <- [2]
28 Jun 2025 10:02:58,859 TRACE org.hibernate.type.descriptor.JdbcBindingLogging 24 logBinding - binding parameter (1:INTEGER) <- [5]
28 Jun 2025 10:02:58,861 TRACE org.hibernate.type.descriptor.JdbcBindingLogging 24 logBinding - binding parameter (1:INTEGER) <- [6]
28 Jun 2025 10:02:58,863 TRACE org.hibernate.type.descriptor.JdbcBindingLogging 24 logBinding - binding parameter (1:INTEGER) <- [9]
28 Jun 2025 10:02:58,866 TRACE org.hibernate.type.descriptor.JdbcBindingLogging 24 logBinding - binding parameter (1:INTEGER) <- [10]
28 Jun 2025 10:02:58,874 TRACE org.hibernate.type.descriptor.JdbcBindingLogging 24 logBinding - binding parameter (1:INTEGER) <- [1]
28 Jun 2025 10:02:58,877 TRACE org.hibernate.type.descriptor.JdbcBindingLogging 24 logBinding - binding parameter (1:INTEGER) <- [2]
28 Jun 2025 10:02:58,879 TRACE org.hibernate.type.descriptor.JdbcBindingLogging 24 logBinding - binding parameter (1:INTEGER) <- [5]
28 Jun 2025 10:02:58,883 TRACE org.hibernate.type.descriptor.JdbcBindingLogging 24 logBinding - binding parameter (1:INTEGER) <- [6]
28 Jun 2025 10:02:58,886 TRACE org.hibernate.type.descriptor.JdbcBindingLogging 24 logBinding - binding parameter (1:INTEGER) <- [9]
28 Jun 2025 10:02:58,889 TRACE org.hibernate.type.descriptor.JdbcBindingLogging 24 logBinding - binding parameter (1:INTEGER) <- [10]
28 Jun 2025 10:04:00,729 TRACE org.hibernate.type.descriptor.JdbcBindingLogging 24 logBinding - binding parameter (1:INTEGER) <- [1]
28 Jun 2025 10:04:00,744 TRACE org.hibernate.type.descriptor.JdbcBindingLogging 24 logBinding - binding parameter (1:INTEGER) <- [1]
28 Jun 2025 10:04:00,796 TRACE org.hibernate.type.descriptor.JdbcBindingLogging 24 logBinding - binding parameter (1:VARCHAR) <- [890]
28 Jun 2025 10:04:00,796 TRACE org.hibernate.type.descriptor.JdbcBindingLogging 24 logBinding - binding parameter (2:INTEGER) <- [1]
28 Jun 2025 10:04:00,797 TRACE org.hibernate.type.descriptor.JdbcBindingLogging 24 logBinding - binding parameter (3:VARCHAR) <- [Cat e 2+888?]
28 Jun 2025 10:04:00,797 TRACE org.hibernate.type.descriptor.JdbcBindingLogging 24 logBinding - binding parameter (4:INTEGER) <- [1]
28 Jun 2025 10:04:47,674 TRACE org.hibernate.type.descriptor.JdbcBindingLogging 24 logBinding - binding parameter (1:INTEGER) <- [1]
28 Jun 2025 10:04:47,677 TRACE org.hibernate.type.descriptor.JdbcBindingLogging 24 logBinding - binding parameter (1:INTEGER) <- [1]
28 Jun 2025 10:04:47,680 TRACE org.hibernate.type.descriptor.JdbcBindingLogging 24 logBinding - binding parameter (1:VARCHAR) <- [15]
28 Jun 2025 10:04:47,681 TRACE org.hibernate.type.descriptor.JdbcBindingLogging 24 logBinding - binding parameter (2:INTEGER) <- [2]
28 Jun 2025 10:04:47,681 TRACE org.hibernate.type.descriptor.JdbcBindingLogging 24 logBinding - binding parameter (3:VARCHAR) <- [Cat face 3*5]
28 Jun 2025 10:04:47,682 TRACE org.hibernate.type.descriptor.JdbcBindingLogging 24 logBinding - binding parameter (4:INTEGER) <- [1]
03 Jul 2025 15:55:13,760 WARN  com.zaxxer.hikari.pool.HikariPool$HouseKeeper 797 run - HikariPool-1 - Thread starvation or clock leap detected (housekeeper delta=5d5h47m29s419ms840µs600ns).
03 Jul 2025 15:55:28,022 INFO  org.springframework.orm.jpa.AbstractEntityManagerFactoryBean 650 destroy - Closing JPA EntityManagerFactory for persistence unit 'default'
03 Jul 2025 15:55:28,027 INFO  com.zaxxer.hikari.HikariDataSource 349 close - HikariPool-1 - Shutdown initiated...
03 Jul 2025 15:55:28,175 INFO  com.zaxxer.hikari.HikariDataSource 351 close - HikariPool-1 - Shutdown completed.
